<?xml version="1.0" encoding="UTF-8" ?>
<testsuite failures="0" time="1.979" errors="0" skipped="0" tests="4" name="TestSuite">
  <properties>
    <property name="java.runtime.name" value="Java(TM) SE Runtime Environment"/>
    <property name="sun.boot.library.path" value="/System/Library/Java/JavaVirtualMachines/1.6.0.jdk/Contents/Libraries"/>
    <property name="java.vm.version" value="20.51-b01-456"/>
    <property name="awt.nativeDoubleBuffering" value="true"/>
    <property name="gopherProxySet" value="false"/>
    <property name="mrj.build" value="11M4508"/>
    <property name="java.vm.vendor" value="Apple Inc."/>
    <property name="java.vendor.url" value="http://www.apple.com/"/>
    <property name="path.separator" value=":"/>
    <property name="java.vm.name" value="Java HotSpot(TM) 64-Bit Server VM"/>
    <property name="file.encoding.pkg" value="sun.io"/>
    <property name="user.country" value="US"/>
    <property name="sun.java.launcher" value="SUN_STANDARD"/>
    <property name="sun.os.patch.level" value="unknown"/>
    <property name="java.vm.specification.name" value="Java Virtual Machine Specification"/>
    <property name="user.dir" value="/Users/jasmbhat/Workspaces/Primary/ebay-interview"/>
    <property name="java.runtime.version" value="1.6.0_51-b11-456-11M4508"/>
    <property name="java.awt.graphicsenv" value="apple.awt.CGraphicsEnvironment"/>
    <property name="basedir" value="/Users/jasmbhat/Workspaces/Primary/ebay-interview"/>
    <property name="java.endorsed.dirs" value="/System/Library/Java/JavaVirtualMachines/1.6.0.jdk/Contents/Home/lib/endorsed"/>
    <property name="os.arch" value="x86_64"/>
    <property name="surefire.real.class.path" value="/Users/jasmbhat/Workspaces/Primary/ebay-interview/target/surefire/surefirebooter3962413954994904029.jar"/>
    <property name="java.io.tmpdir" value="/var/folders/8_/6jj71sbd1n5crmv52f5y4vj00000gn/T/"/>
    <property name="line.separator" value="
"/>
    <property name="java.vm.specification.vendor" value="Sun Microsystems Inc."/>
    <property name="os.name" value="Mac OS X"/>
    <property name="sun.jnu.encoding" value="MacRoman"/>
    <property name="java.library.path" value=".:/Library/Java/Extensions:/System/Library/Java/Extensions:/usr/lib/java"/>
    <property name="surefire.test.class.path" value="/Users/jasmbhat/Workspaces/Primary/ebay-interview/target/test-classes:/Users/jasmbhat/Workspaces/Primary/ebay-interview/target/classes:/Users/jasmbhat/.m2/repository/junit/junit/3.8.1/junit-3.8.1.jar:/Users/jasmbhat/.m2/repository/org/hibernate/hibernate-commons-annotations/3.2.0.Final/hibernate-commons-annotations-3.2.0.Final.jar:/Users/jasmbhat/.m2/repository/org/slf4j/slf4j-api/1.5.8/slf4j-api-1.5.8.jar:/Users/jasmbhat/.m2/repository/org/hibernate/hibernate-core/3.6.9.Final/hibernate-core-3.6.9.Final.jar:/Users/jasmbhat/.m2/repository/antlr/antlr/2.7.6/antlr-2.7.6.jar:/Users/jasmbhat/.m2/repository/commons-collections/commons-collections/3.1/commons-collections-3.1.jar:/Users/jasmbhat/.m2/repository/dom4j/dom4j/1.6.1/dom4j-1.6.1.jar:/Users/jasmbhat/.m2/repository/org/hibernate/javax/persistence/hibernate-jpa-2.0-api/1.0.1.Final/hibernate-jpa-2.0-api-1.0.1.Final.jar:/Users/jasmbhat/.m2/repository/javax/transaction/jta/1.1/jta-1.1.jar:/Users/jasmbhat/.m2/repository/org/springframework/org.springframework.beans/3.0.0.RELEASE/org.springframework.beans-3.0.0.RELEASE.jar:/Users/jasmbhat/.m2/repository/org/springframework/org.springframework.asm/3.0.0.RELEASE/org.springframework.asm-3.0.0.RELEASE.jar:/Users/jasmbhat/.m2/repository/org/springframework/org.springframework.context/3.0.0.RELEASE/org.springframework.context-3.0.0.RELEASE.jar:/Users/jasmbhat/.m2/repository/org/springframework/org.springframework.aop/3.0.0.RELEASE/org.springframework.aop-3.0.0.RELEASE.jar:/Users/jasmbhat/.m2/repository/org/aopalliance/com.springsource.org.aopalliance/1.0.0/com.springsource.org.aopalliance-1.0.0.jar:/Users/jasmbhat/.m2/repository/org/springframework/org.springframework.expression/3.0.0.RELEASE/org.springframework.expression-3.0.0.RELEASE.jar:/Users/jasmbhat/.m2/repository/org/springframework/org.springframework.context.support/3.0.0.RELEASE/org.springframework.context.support-3.0.0.RELEASE.jar:/Users/jasmbhat/.m2/repository/org/springframework/org.springframework.core/3.0.0.RELEASE/org.springframework.core-3.0.0.RELEASE.jar:/Users/jasmbhat/.m2/repository/org/springframework/org.springframework.orm/3.0.0.RELEASE/org.springframework.orm-3.0.0.RELEASE.jar:/Users/jasmbhat/.m2/repository/org/springframework/org.springframework.jdbc/3.0.0.RELEASE/org.springframework.jdbc-3.0.0.RELEASE.jar:/Users/jasmbhat/.m2/repository/org/springframework/org.springframework.transaction/3.0.0.RELEASE/org.springframework.transaction-3.0.0.RELEASE.jar:/Users/jasmbhat/.m2/repository/org/springframework/spring-web/3.0.0.RELEASE/spring-web-3.0.0.RELEASE.jar:/Users/jasmbhat/.m2/repository/aopalliance/aopalliance/1.0/aopalliance-1.0.jar:/Users/jasmbhat/.m2/repository/org/springframework/spring-beans/3.0.0.RELEASE/spring-beans-3.0.0.RELEASE.jar:/Users/jasmbhat/.m2/repository/org/springframework/spring-context/3.0.0.RELEASE/spring-context-3.0.0.RELEASE.jar:/Users/jasmbhat/.m2/repository/org/springframework/spring-expression/3.0.0.RELEASE/spring-expression-3.0.0.RELEASE.jar:/Users/jasmbhat/.m2/repository/org/springframework/spring-asm/3.0.0.RELEASE/spring-asm-3.0.0.RELEASE.jar:/Users/jasmbhat/.m2/repository/org/springframework/spring-core/3.0.0.RELEASE/spring-core-3.0.0.RELEASE.jar:/Users/jasmbhat/.m2/repository/javax/servlet/com.springsource.javax.servlet/2.5.0/com.springsource.javax.servlet-2.5.0.jar:/Users/jasmbhat/.m2/repository/org/hsqldb/hsqldb/2.3.0/hsqldb-2.3.0.jar:/Users/jasmbhat/.m2/repository/org/apache/cxf/cxf-bundle/2.2.12/cxf-bundle-2.2.12.jar:/Users/jasmbhat/.m2/repository/commons-logging/commons-logging/1.1.1/commons-logging-1.1.1.jar:/Users/jasmbhat/.m2/repository/org/apache/geronimo/specs/geronimo-annotation_1.0_spec/1.1.1/geronimo-annotation_1.0_spec-1.1.1.jar:/Users/jasmbhat/.m2/repository/javax/xml/bind/jaxb-api/2.1/jaxb-api-2.1.jar:/Users/jasmbhat/.m2/repository/org/apache/geronimo/specs/geronimo-stax-api_1.0_spec/1.0.1/geronimo-stax-api_1.0_spec-1.0.1.jar:/Users/jasmbhat/.m2/repository/wsdl4j/wsdl4j/1.6.2/wsdl4j-1.6.2.jar:/Users/jasmbhat/.m2/repository/org/apache/ws/commons/schema/XmlSchema/1.4.7/XmlSchema-1.4.7.jar:/Users/jasmbhat/.m2/repository/commons-lang/commons-lang/2.5/commons-lang-2.5.jar:/Users/jasmbhat/.m2/repository/org/apache/velocity/velocity/1.6.4/velocity-1.6.4.jar:/Users/jasmbhat/.m2/repository/oro/oro/2.0.8/oro-2.0.8.jar:/Users/jasmbhat/.m2/repository/com/sun/xml/bind/jaxb-xjc/2.1.13/jaxb-xjc-2.1.13.jar:/Users/jasmbhat/.m2/repository/com/sun/xml/bind/jaxb-impl/2.1.13/jaxb-impl-2.1.13.jar:/Users/jasmbhat/.m2/repository/javax/xml/soap/saaj-api/1.3/saaj-api-1.3.jar:/Users/jasmbhat/.m2/repository/org/apache/geronimo/specs/geronimo-activation_1.1_spec/1.0.2/geronimo-activation_1.1_spec-1.0.2.jar:/Users/jasmbhat/.m2/repository/org/codehaus/woodstox/wstx-asl/3.2.9/wstx-asl-3.2.9.jar:/Users/jasmbhat/.m2/repository/org/apache/neethi/neethi/2.0.4/neethi-2.0.4.jar:/Users/jasmbhat/.m2/repository/org/apache/geronimo/specs/geronimo-javamail_1.4_spec/1.6/geronimo-javamail_1.4_spec-1.6.jar:/Users/jasmbhat/.m2/repository/org/apache/geronimo/specs/geronimo-ws-metadata_2.0_spec/1.1.2/geronimo-ws-metadata_2.0_spec-1.1.2.jar:/Users/jasmbhat/.m2/repository/org/apache/geronimo/specs/geronimo-jaxws_2.1_spec/1.0/geronimo-jaxws_2.1_spec-1.0.jar:/Users/jasmbhat/.m2/repository/xml-resolver/xml-resolver/1.2/xml-resolver-1.2.jar:/Users/jasmbhat/.m2/repository/asm/asm/2.2.3/asm-2.2.3.jar:/Users/jasmbhat/.m2/repository/com/sun/xml/messaging/saaj/saaj-impl/1.3.2/saaj-impl-1.3.2.jar:/Users/jasmbhat/.m2/repository/org/apache/xmlbeans/xmlbeans/2.4.0/xmlbeans-2.4.0.jar:/Users/jasmbhat/.m2/repository/org/mortbay/jetty/jetty/6.1.26/jetty-6.1.26.jar:/Users/jasmbhat/.m2/repository/org/mortbay/jetty/jetty-util/6.1.26/jetty-util-6.1.26.jar:/Users/jasmbhat/.m2/repository/org/apache/geronimo/specs/geronimo-jms_1.1_spec/1.1.1/geronimo-jms_1.1_spec-1.1.1.jar:/Users/jasmbhat/.m2/repository/commons-pool/commons-pool/1.5.2/commons-pool-1.5.2.jar:/Users/jasmbhat/.m2/repository/org/springframework/spring-jms/2.5.6/spring-jms-2.5.6.jar:/Users/jasmbhat/.m2/repository/org/springframework/spring-context-support/2.5.6/spring-context-support-2.5.6.jar:/Users/jasmbhat/.m2/repository/org/springframework/spring-tx/2.5.6/spring-tx-2.5.6.jar:/Users/jasmbhat/.m2/repository/org/codehaus/jra/jra/1.0-alpha-4/jra-1.0-alpha-4.jar:/Users/jasmbhat/.m2/repository/rhino/js/1.7R1/js-1.7R1.jar:/Users/jasmbhat/.m2/repository/javax/ws/rs/jsr311-api/1.0/jsr311-api-1.0.jar:/Users/jasmbhat/.m2/repository/org/apache/abdera/abdera-core/1.1/abdera-core-1.1.jar:/Users/jasmbhat/.m2/repository/org/apache/abdera/abdera-i18n/1.1/abdera-i18n-1.1.jar:/Users/jasmbhat/.m2/repository/commons-codec/commons-codec/1.4/commons-codec-1.4.jar:/Users/jasmbhat/.m2/repository/org/apache/abdera/abdera-parser/1.1/abdera-parser-1.1.jar:/Users/jasmbhat/.m2/repository/org/apache/ws/commons/axiom/axiom-impl/1.2.7/axiom-impl-1.2.7.jar:/Users/jasmbhat/.m2/repository/org/apache/ws/commons/axiom/axiom-api/1.2.7/axiom-api-1.2.7.jar:/Users/jasmbhat/.m2/repository/jaxen/jaxen/1.1.1/jaxen-1.1.1.jar:/Users/jasmbhat/.m2/repository/org/apache/abdera/abdera-extensions-json/1.1/abdera-extensions-json-1.1.jar:/Users/jasmbhat/.m2/repository/org/apache/abdera/abdera-extensions-main/1.1/abdera-extensions-main-1.1.jar:/Users/jasmbhat/.m2/repository/org/codehaus/jettison/jettison/1.2/jettison-1.2.jar:/Users/jasmbhat/.m2/repository/org/apache/ws/security/wss4j/1.5.10/wss4j-1.5.10.jar:/Users/jasmbhat/.m2/repository/org/apache/santuario/xmlsec/1.4.4/xmlsec-1.4.4.jar:/Users/jasmbhat/.m2/repository/xalan/xalan/2.7.1/xalan-2.7.1.jar:/Users/jasmbhat/.m2/repository/xalan/serializer/2.7.1/serializer-2.7.1.jar:/Users/jasmbhat/.m2/repository/org/bouncycastle/bcprov-jdk15/1.43/bcprov-jdk15-1.43.jar:/Users/jasmbhat/.m2/repository/org/slf4j/slf4j-log4j12/1.5.8/slf4j-log4j12-1.5.8.jar:/Users/jasmbhat/.m2/repository/log4j/log4j/1.2.14/log4j-1.2.14.jar:/Users/jasmbhat/.m2/repository/org/testng/testng/6.1.1/testng-6.1.1.jar:/Users/jasmbhat/.m2/repository/org/beanshell/bsh/2.0b4/bsh-2.0b4.jar:/Users/jasmbhat/.m2/repository/com/beust/jcommander/1.12/jcommander-1.12.jar:/Users/jasmbhat/.m2/repository/org/yaml/snakeyaml/1.6/snakeyaml-1.6.jar:/Users/jasmbhat/.m2/repository/javassist/javassist/3.12.1.GA/javassist-3.12.1.GA.jar:"/>
    <property name="java.specification.name" value="Java Platform API Specification"/>
    <property name="java.class.version" value="50.0"/>
    <property name="sun.management.compiler" value="HotSpot 64-Bit Tiered Compilers"/>
    <property name="os.version" value="10.8.4"/>
    <property name="user.home" value="/Users/jasmbhat"/>
    <property name="user.timezone" value="America/Los_Angeles"/>
    <property name="java.awt.printerjob" value="apple.awt.CPrinterJob"/>
    <property name="java.specification.version" value="1.6"/>
    <property name="file.encoding" value="MacRoman"/>
    <property name="user.name" value="jasmbhat"/>
    <property name="java.class.path" value="/Users/jasmbhat/Workspaces/Primary/ebay-interview/target/test-classes:/Users/jasmbhat/Workspaces/Primary/ebay-interview/target/classes:/Users/jasmbhat/.m2/repository/junit/junit/3.8.1/junit-3.8.1.jar:/Users/jasmbhat/.m2/repository/org/hibernate/hibernate-commons-annotations/3.2.0.Final/hibernate-commons-annotations-3.2.0.Final.jar:/Users/jasmbhat/.m2/repository/org/slf4j/slf4j-api/1.5.8/slf4j-api-1.5.8.jar:/Users/jasmbhat/.m2/repository/org/hibernate/hibernate-core/3.6.9.Final/hibernate-core-3.6.9.Final.jar:/Users/jasmbhat/.m2/repository/antlr/antlr/2.7.6/antlr-2.7.6.jar:/Users/jasmbhat/.m2/repository/commons-collections/commons-collections/3.1/commons-collections-3.1.jar:/Users/jasmbhat/.m2/repository/dom4j/dom4j/1.6.1/dom4j-1.6.1.jar:/Users/jasmbhat/.m2/repository/org/hibernate/javax/persistence/hibernate-jpa-2.0-api/1.0.1.Final/hibernate-jpa-2.0-api-1.0.1.Final.jar:/Users/jasmbhat/.m2/repository/javax/transaction/jta/1.1/jta-1.1.jar:/Users/jasmbhat/.m2/repository/org/springframework/org.springframework.beans/3.0.0.RELEASE/org.springframework.beans-3.0.0.RELEASE.jar:/Users/jasmbhat/.m2/repository/org/springframework/org.springframework.asm/3.0.0.RELEASE/org.springframework.asm-3.0.0.RELEASE.jar:/Users/jasmbhat/.m2/repository/org/springframework/org.springframework.context/3.0.0.RELEASE/org.springframework.context-3.0.0.RELEASE.jar:/Users/jasmbhat/.m2/repository/org/springframework/org.springframework.aop/3.0.0.RELEASE/org.springframework.aop-3.0.0.RELEASE.jar:/Users/jasmbhat/.m2/repository/org/aopalliance/com.springsource.org.aopalliance/1.0.0/com.springsource.org.aopalliance-1.0.0.jar:/Users/jasmbhat/.m2/repository/org/springframework/org.springframework.expression/3.0.0.RELEASE/org.springframework.expression-3.0.0.RELEASE.jar:/Users/jasmbhat/.m2/repository/org/springframework/org.springframework.context.support/3.0.0.RELEASE/org.springframework.context.support-3.0.0.RELEASE.jar:/Users/jasmbhat/.m2/repository/org/springframework/org.springframework.core/3.0.0.RELEASE/org.springframework.core-3.0.0.RELEASE.jar:/Users/jasmbhat/.m2/repository/org/springframework/org.springframework.orm/3.0.0.RELEASE/org.springframework.orm-3.0.0.RELEASE.jar:/Users/jasmbhat/.m2/repository/org/springframework/org.springframework.jdbc/3.0.0.RELEASE/org.springframework.jdbc-3.0.0.RELEASE.jar:/Users/jasmbhat/.m2/repository/org/springframework/org.springframework.transaction/3.0.0.RELEASE/org.springframework.transaction-3.0.0.RELEASE.jar:/Users/jasmbhat/.m2/repository/org/springframework/spring-web/3.0.0.RELEASE/spring-web-3.0.0.RELEASE.jar:/Users/jasmbhat/.m2/repository/aopalliance/aopalliance/1.0/aopalliance-1.0.jar:/Users/jasmbhat/.m2/repository/org/springframework/spring-beans/3.0.0.RELEASE/spring-beans-3.0.0.RELEASE.jar:/Users/jasmbhat/.m2/repository/org/springframework/spring-context/3.0.0.RELEASE/spring-context-3.0.0.RELEASE.jar:/Users/jasmbhat/.m2/repository/org/springframework/spring-expression/3.0.0.RELEASE/spring-expression-3.0.0.RELEASE.jar:/Users/jasmbhat/.m2/repository/org/springframework/spring-asm/3.0.0.RELEASE/spring-asm-3.0.0.RELEASE.jar:/Users/jasmbhat/.m2/repository/org/springframework/spring-core/3.0.0.RELEASE/spring-core-3.0.0.RELEASE.jar:/Users/jasmbhat/.m2/repository/javax/servlet/com.springsource.javax.servlet/2.5.0/com.springsource.javax.servlet-2.5.0.jar:/Users/jasmbhat/.m2/repository/org/hsqldb/hsqldb/2.3.0/hsqldb-2.3.0.jar:/Users/jasmbhat/.m2/repository/org/apache/cxf/cxf-bundle/2.2.12/cxf-bundle-2.2.12.jar:/Users/jasmbhat/.m2/repository/commons-logging/commons-logging/1.1.1/commons-logging-1.1.1.jar:/Users/jasmbhat/.m2/repository/org/apache/geronimo/specs/geronimo-annotation_1.0_spec/1.1.1/geronimo-annotation_1.0_spec-1.1.1.jar:/Users/jasmbhat/.m2/repository/javax/xml/bind/jaxb-api/2.1/jaxb-api-2.1.jar:/Users/jasmbhat/.m2/repository/org/apache/geronimo/specs/geronimo-stax-api_1.0_spec/1.0.1/geronimo-stax-api_1.0_spec-1.0.1.jar:/Users/jasmbhat/.m2/repository/wsdl4j/wsdl4j/1.6.2/wsdl4j-1.6.2.jar:/Users/jasmbhat/.m2/repository/org/apache/ws/commons/schema/XmlSchema/1.4.7/XmlSchema-1.4.7.jar:/Users/jasmbhat/.m2/repository/commons-lang/commons-lang/2.5/commons-lang-2.5.jar:/Users/jasmbhat/.m2/repository/org/apache/velocity/velocity/1.6.4/velocity-1.6.4.jar:/Users/jasmbhat/.m2/repository/oro/oro/2.0.8/oro-2.0.8.jar:/Users/jasmbhat/.m2/repository/com/sun/xml/bind/jaxb-xjc/2.1.13/jaxb-xjc-2.1.13.jar:/Users/jasmbhat/.m2/repository/com/sun/xml/bind/jaxb-impl/2.1.13/jaxb-impl-2.1.13.jar:/Users/jasmbhat/.m2/repository/javax/xml/soap/saaj-api/1.3/saaj-api-1.3.jar:/Users/jasmbhat/.m2/repository/org/apache/geronimo/specs/geronimo-activation_1.1_spec/1.0.2/geronimo-activation_1.1_spec-1.0.2.jar:/Users/jasmbhat/.m2/repository/org/codehaus/woodstox/wstx-asl/3.2.9/wstx-asl-3.2.9.jar:/Users/jasmbhat/.m2/repository/org/apache/neethi/neethi/2.0.4/neethi-2.0.4.jar:/Users/jasmbhat/.m2/repository/org/apache/geronimo/specs/geronimo-javamail_1.4_spec/1.6/geronimo-javamail_1.4_spec-1.6.jar:/Users/jasmbhat/.m2/repository/org/apache/geronimo/specs/geronimo-ws-metadata_2.0_spec/1.1.2/geronimo-ws-metadata_2.0_spec-1.1.2.jar:/Users/jasmbhat/.m2/repository/org/apache/geronimo/specs/geronimo-jaxws_2.1_spec/1.0/geronimo-jaxws_2.1_spec-1.0.jar:/Users/jasmbhat/.m2/repository/xml-resolver/xml-resolver/1.2/xml-resolver-1.2.jar:/Users/jasmbhat/.m2/repository/asm/asm/2.2.3/asm-2.2.3.jar:/Users/jasmbhat/.m2/repository/com/sun/xml/messaging/saaj/saaj-impl/1.3.2/saaj-impl-1.3.2.jar:/Users/jasmbhat/.m2/repository/org/apache/xmlbeans/xmlbeans/2.4.0/xmlbeans-2.4.0.jar:/Users/jasmbhat/.m2/repository/org/mortbay/jetty/jetty/6.1.26/jetty-6.1.26.jar:/Users/jasmbhat/.m2/repository/org/mortbay/jetty/jetty-util/6.1.26/jetty-util-6.1.26.jar:/Users/jasmbhat/.m2/repository/org/apache/geronimo/specs/geronimo-jms_1.1_spec/1.1.1/geronimo-jms_1.1_spec-1.1.1.jar:/Users/jasmbhat/.m2/repository/commons-pool/commons-pool/1.5.2/commons-pool-1.5.2.jar:/Users/jasmbhat/.m2/repository/org/springframework/spring-jms/2.5.6/spring-jms-2.5.6.jar:/Users/jasmbhat/.m2/repository/org/springframework/spring-context-support/2.5.6/spring-context-support-2.5.6.jar:/Users/jasmbhat/.m2/repository/org/springframework/spring-tx/2.5.6/spring-tx-2.5.6.jar:/Users/jasmbhat/.m2/repository/org/codehaus/jra/jra/1.0-alpha-4/jra-1.0-alpha-4.jar:/Users/jasmbhat/.m2/repository/rhino/js/1.7R1/js-1.7R1.jar:/Users/jasmbhat/.m2/repository/javax/ws/rs/jsr311-api/1.0/jsr311-api-1.0.jar:/Users/jasmbhat/.m2/repository/org/apache/abdera/abdera-core/1.1/abdera-core-1.1.jar:/Users/jasmbhat/.m2/repository/org/apache/abdera/abdera-i18n/1.1/abdera-i18n-1.1.jar:/Users/jasmbhat/.m2/repository/commons-codec/commons-codec/1.4/commons-codec-1.4.jar:/Users/jasmbhat/.m2/repository/org/apache/abdera/abdera-parser/1.1/abdera-parser-1.1.jar:/Users/jasmbhat/.m2/repository/org/apache/ws/commons/axiom/axiom-impl/1.2.7/axiom-impl-1.2.7.jar:/Users/jasmbhat/.m2/repository/org/apache/ws/commons/axiom/axiom-api/1.2.7/axiom-api-1.2.7.jar:/Users/jasmbhat/.m2/repository/jaxen/jaxen/1.1.1/jaxen-1.1.1.jar:/Users/jasmbhat/.m2/repository/org/apache/abdera/abdera-extensions-json/1.1/abdera-extensions-json-1.1.jar:/Users/jasmbhat/.m2/repository/org/apache/abdera/abdera-extensions-main/1.1/abdera-extensions-main-1.1.jar:/Users/jasmbhat/.m2/repository/org/codehaus/jettison/jettison/1.2/jettison-1.2.jar:/Users/jasmbhat/.m2/repository/org/apache/ws/security/wss4j/1.5.10/wss4j-1.5.10.jar:/Users/jasmbhat/.m2/repository/org/apache/santuario/xmlsec/1.4.4/xmlsec-1.4.4.jar:/Users/jasmbhat/.m2/repository/xalan/xalan/2.7.1/xalan-2.7.1.jar:/Users/jasmbhat/.m2/repository/xalan/serializer/2.7.1/serializer-2.7.1.jar:/Users/jasmbhat/.m2/repository/org/bouncycastle/bcprov-jdk15/1.43/bcprov-jdk15-1.43.jar:/Users/jasmbhat/.m2/repository/org/slf4j/slf4j-log4j12/1.5.8/slf4j-log4j12-1.5.8.jar:/Users/jasmbhat/.m2/repository/log4j/log4j/1.2.14/log4j-1.2.14.jar:/Users/jasmbhat/.m2/repository/org/testng/testng/6.1.1/testng-6.1.1.jar:/Users/jasmbhat/.m2/repository/org/beanshell/bsh/2.0b4/bsh-2.0b4.jar:/Users/jasmbhat/.m2/repository/com/beust/jcommander/1.12/jcommander-1.12.jar:/Users/jasmbhat/.m2/repository/org/yaml/snakeyaml/1.6/snakeyaml-1.6.jar:/Users/jasmbhat/.m2/repository/javassist/javassist/3.12.1.GA/javassist-3.12.1.GA.jar:"/>
    <property name="java.vm.specification.version" value="1.0"/>
    <property name="sun.arch.data.model" value="64"/>
    <property name="java.home" value="/System/Library/Java/JavaVirtualMachines/1.6.0.jdk/Contents/Home"/>
    <property name="sun.java.command" value="/Users/jasmbhat/Workspaces/Primary/ebay-interview/target/surefire/surefirebooter3962413954994904029.jar /Users/jasmbhat/Workspaces/Primary/ebay-interview/target/surefire/surefire3978807018114449978tmp /Users/jasmbhat/Workspaces/Primary/ebay-interview/target/surefire/surefire5236565374170584728tmp"/>
    <property name="java.specification.vendor" value="Sun Microsystems Inc."/>
    <property name="user.language" value="en"/>
    <property name="awt.toolkit" value="apple.awt.CToolkit"/>
    <property name="java.vm.info" value="mixed mode"/>
    <property name="java.version" value="1.6.0_51"/>
    <property name="java.ext.dirs" value="/Library/Java/Extensions:/System/Library/Java/Extensions:/System/Library/Java/JavaVirtualMachines/1.6.0.jdk/Contents/Home/lib/ext"/>
    <property name="sun.boot.class.path" value="/System/Library/Java/JavaVirtualMachines/1.6.0.jdk/Contents/Classes/jsfd.jar:/System/Library/Java/JavaVirtualMachines/1.6.0.jdk/Contents/Classes/classes.jar:/System/Library/Frameworks/JavaVM.framework/Frameworks/JavaRuntimeSupport.framework/Resources/Java/JavaRuntimeSupport.jar:/System/Library/Java/JavaVirtualMachines/1.6.0.jdk/Contents/Classes/ui.jar:/System/Library/Java/JavaVirtualMachines/1.6.0.jdk/Contents/Classes/laf.jar:/System/Library/Java/JavaVirtualMachines/1.6.0.jdk/Contents/Classes/sunrsasign.jar:/System/Library/Java/JavaVirtualMachines/1.6.0.jdk/Contents/Classes/jsse.jar:/System/Library/Java/JavaVirtualMachines/1.6.0.jdk/Contents/Classes/jce.jar:/System/Library/Java/JavaVirtualMachines/1.6.0.jdk/Contents/Classes/charsets.jar"/>
    <property name="java.vendor" value="Apple Inc."/>
    <property name="localRepository" value="/Users/jasmbhat/.m2/repository"/>
    <property name="file.separator" value="/"/>
    <property name="java.vendor.url.bug" value="http://bugreport.apple.com/"/>
    <property name="sun.cpu.endian" value="little"/>
    <property name="sun.io.unicode.encoding" value="UnicodeLittle"/>
    <property name="mrj.version" value="1070.1.6.0_51-456"/>
    <property name="sun.cpu.isalist" value=""/>
  </properties>
  <testcase time="1.647" classname="com.jasmeet.metrics.test.MetricsTest" name="testGetMetrics"/>
  <testcase time="0.011" classname="com.jasmeet.metrics.test.MetricsTest" name="testGetStatus"/>
  <testcase time="0.02" classname="com.jasmeet.metrics.test.MetricsTest" name="testGetVMMetrics"/>
  <testcase time="0.051" classname="com.jasmeet.metrics.test.MetricsTest" name="testStoreMetrics"/>
</testsuite>